<?xml version="1.0" encoding="UTF-8"?>
<!-- Generated by org.testng.reporters.JUnitReportReporter -->
<testsuite hostname="YazhmozhiSelvan" failures="0" tests="2" name="com.qa.swiggy.test.RestaurantPageTest" time="85.482" errors="0" timestamp="2022-07-25T15:24:43 IST" skipped="0">
  <testcase classname="com.qa.swiggy.test.RestaurantPageTest" name="VerifyAddButtonTest" time="28.669"/>
  <system-out/>
  <testcase classname="com.qa.swiggy.test.RestaurantPageTest" name="AssertAddButtonTest" time="56.813"/>
  <system-out/>
</testsuite> <!-- com.qa.swiggy.test.RestaurantPageTest -->
