<?xml version="1.0" encoding="UTF-8"?>
<!-- Generated by org.testng.reporters.JUnitReportReporter -->
<testsuite hostname="YazhmozhiSelvan" failures="0" tests="3" name="com.qa.swiggy.test.SignUpPageTest" time="21.358" errors="0" timestamp="2022-07-23T15:14:30 IST" skipped="0">
  <testcase classname="com.qa.swiggy.test.SignUpPageTest" name="SignUpWithExistingDetailsTest" time="7.188"/>
  <system-out/>
  <testcase classname="com.qa.swiggy.test.SignUpPageTest" name="LoginToYourAccountClickTest" time="7.977"/>
  <system-out/>
  <testcase classname="com.qa.swiggy.test.SignUpPageTest" name="SignUpWithNewDetailsTest" time="6.193"/>
  <system-out/>
</testsuite> <!-- com.qa.swiggy.test.SignUpPageTest -->
