<?xml version="1.0" encoding="UTF-8"?>
<!-- Generated by org.testng.reporters.JUnitReportReporter -->
<testsuite hostname="YazhmozhiSelvan" failures="0" tests="1" name="SwiggyApplication.E2EScenarios_POM.AppTest" time="6.763" errors="0" timestamp="2022-07-07T18:38:59 IST" skipped="0">
  <testcase classname="SwiggyApplication.E2EScenarios_POM.AppTest" name="shouldAnswerWithTrue" time="6.763"/>
  <system-out/>
</testsuite> <!-- SwiggyApplication.E2EScenarios_POM.AppTest -->
